<?xml version="1.0" encoding="UTF-8"?>
<testsuite xmlns:xsi="http://www.w3.org/2001/XMLSchema-instance" xsi:noNamespaceSchemaLocation="https://maven.apache.org/surefire/maven-failsafe-plugin/xsd/failsafe-test-report.xsd" version="3.0.2" name="controller.LogicExpressionBuilderIT" time="0.333" tests="1" errors="0" skipped="0" failures="0">
  <properties>
    <property name="java.specification.version" value="21"/>
    <property name="sun.cpu.isalist" value="amd64"/>
    <property name="sun.jnu.encoding" value="Cp1252"/>
    <property name="java.class.path" value="C:\Users\usuario\Documents\NetBeansProjects\TablaDeVerdades\target\test-classes;C:\Users\usuario\Documents\NetBeansProjects\TablaDeVerdades\target\TablaDeVerdades-1.0.jar;C:\Users\usuario\.m2\repository\org\tomitribe\jkta\jkta\0.12\jkta-0.12.jar;C:\Users\usuario\.m2\repository\org\ow2\asm\asm\8.0.1\asm-8.0.1.jar;C:\Users\usuario\.m2\repository\org\ow2\asm\asm-tree\8.0.1\asm-tree-8.0.1.jar;C:\Users\usuario\.m2\repository\org\ow2\asm\asm-analysis\8.0.1\asm-analysis-8.0.1.jar;C:\Users\usuario\.m2\repository\org\ow2\asm\asm-commons\8.0.1\asm-commons-8.0.1.jar;C:\Users\usuario\.m2\repository\org\ow2\asm\asm-util\8.0.1\asm-util-8.0.1.jar;C:\Users\usuario\.m2\repository\org\tomitribe\tomitribe-crest\0.14\tomitribe-crest-0.14.jar;C:\Users\usuario\.m2\repository\org\tomitribe\tomitribe-crest-api\0.14\tomitribe-crest-api-0.14.jar;C:\Users\usuario\.m2\repository\org\apache\xbean\xbean-asm7-shaded\4.15\xbean-asm7-shaded-4.15.jar;C:\Users\usuario\.m2\repository\org\apache\xbean\xbean-finder-shaded\4.15\xbean-finder-shaded-4.15.jar;C:\Users\usuario\.m2\repository\org\tomitribe\tomitribe-crest-xbean\0.14\tomitribe-crest-xbean-0.14.jar;C:\Users\usuario\.m2\repository\org\tomitribe\tomitribe-util\1.3.14\tomitribe-util-1.3.14.jar;C:\Users\usuario\.m2\repository\org\apache\geronimo\specs\geronimo-validation_1.1_spec\1.0\geronimo-validation_1.1_spec-1.0.jar;C:\Users\usuario\.m2\repository\org\apache\bval\bval-jsr\1.1.2\bval-jsr-1.1.2.jar;C:\Users\usuario\.m2\repository\org\apache\bval\bval-core\1.1.2\bval-core-1.1.2.jar;C:\Users\usuario\.m2\repository\org\apache\commons\commons-lang3\3.5\commons-lang3-3.5.jar;C:\Users\usuario\.m2\repository\org\apache\geronimo\specs\geronimo-json_1.1_spec\1.0\geronimo-json_1.1_spec-1.0.jar;C:\Users\usuario\.m2\repository\org\apache\johnzon\johnzon-jsonb\1.1.4\johnzon-jsonb-1.1.4.jar;C:\Users\usuario\.m2\repository\org\apache\johnzon\johnzon-mapper\1.1.4\johnzon-mapper-1.1.4.jar;C:\Users\usuario\.m2\repository\org\apache\johnzon\johnzon-core\1.1.4\johnzon-core-1.1.4.jar;C:\Users\usuario\.m2\repository\org\eclipse\jgit\org.eclipse.jgit\5.1.3.201810200350-r\org.eclipse.jgit-5.1.3.201810200350-r.jar;C:\Users\usuario\.m2\repository\com\jcraft\jsch\0.1.54\jsch-0.1.54.jar;C:\Users\usuario\.m2\repository\com\jcraft\jzlib\1.1.1\jzlib-1.1.1.jar;C:\Users\usuario\.m2\repository\com\googlecode\javaewah\JavaEWAH\1.1.6\JavaEWAH-1.1.6.jar;C:\Users\usuario\.m2\repository\org\slf4j\slf4j-api\1.7.2\slf4j-api-1.7.2.jar;C:\Users\usuario\.m2\repository\org\eclipse\jgit\org.eclipse.jgit.pgm\5.1.3.201810200350-r\org.eclipse.jgit.pgm-5.1.3.201810200350-r.jar;C:\Users\usuario\.m2\repository\args4j\args4j\2.33\args4j-2.33.jar;C:\Users\usuario\.m2\repository\org\apache\commons\commons-compress\1.15\commons-compress-1.15.jar;C:\Users\usuario\.m2\repository\org\objenesis\objenesis\2.6\objenesis-2.6.jar;C:\Users\usuario\.m2\repository\org\eclipse\jgit\org.eclipse.jgit.archive\5.1.3.201810200350-r\org.eclipse.jgit.archive-5.1.3.201810200350-r.jar;C:\Users\usuario\.m2\repository\org\osgi\org.osgi.core\4.3.1\org.osgi.core-4.3.1.jar;C:\Users\usuario\.m2\repository\org\eclipse\jgit\org.eclipse.jgit.ui\5.1.3.201810200350-r\org.eclipse.jgit.ui-5.1.3.201810200350-r.jar;C:\Users\usuario\.m2\repository\org\eclipse\jgit\org.eclipse.jgit.http.apache\5.1.3.201810200350-r\org.eclipse.jgit.http.apache-5.1.3.201810200350-r.jar;C:\Users\usuario\.m2\repository\org\slf4j\slf4j-log4j12\1.7.2\slf4j-log4j12-1.7.2.jar;C:\Users\usuario\.m2\repository\log4j\log4j\1.2.15\log4j-1.2.15.jar;C:\Users\usuario\.m2\repository\org\eclipse\jetty\jetty-servlet\9.4.11.v20180605\jetty-servlet-9.4.11.v20180605.jar;C:\Users\usuario\.m2\repository\org\eclipse\jetty\jetty-security\9.4.11.v20180605\jetty-security-9.4.11.v20180605.jar;C:\Users\usuario\.m2\repository\org\eclipse\jetty\jetty-server\9.4.11.v20180605\jetty-server-9.4.11.v20180605.jar;C:\Users\usuario\.m2\repository\javax\servlet\javax.servlet-api\3.1.0\javax.servlet-api-3.1.0.jar;C:\Users\usuario\.m2\repository\org\eclipse\jetty\jetty-http\9.4.11.v20180605\jetty-http-9.4.11.v20180605.jar;C:\Users\usuario\.m2\repository\org\eclipse\jetty\jetty-util\9.4.11.v20180605\jetty-util-9.4.11.v20180605.jar;C:\Users\usuario\.m2\repository\org\eclipse\jetty\jetty-io\9.4.11.v20180605\jetty-io-9.4.11.v20180605.jar;C:\Users\usuario\.m2\repository\org\eclipse\jgit\org.eclipse.jgit.lfs\5.1.3.201810200350-r\org.eclipse.jgit.lfs-5.1.3.201810200350-r.jar;C:\Users\usuario\.m2\repository\com\google\code\gson\gson\2.8.2\gson-2.8.2.jar;C:\Users\usuario\.m2\repository\org\eclipse\jgit\org.eclipse.jgit.lfs.server\5.1.3.201810200350-r\org.eclipse.jgit.lfs.server-5.1.3.201810200350-r.jar;C:\Users\usuario\.m2\repository\org\apache\httpcomponents\httpclient\4.5.12\httpclient-4.5.12.jar;C:\Users\usuario\.m2\repository\commons-logging\commons-logging\1.2\commons-logging-1.2.jar;C:\Users\usuario\.m2\repository\commons-codec\commons-codec\1.11\commons-codec-1.11.jar;C:\Users\usuario\.m2\repository\org\apache\httpcomponents\httpcore\4.4.13\httpcore-4.4.13.jar;C:\Users\usuario\.m2\repository\org\apache\commons\commons-math3\3.6.1\commons-math3-3.6.1.jar;C:\Users\usuario\.m2\repository\org\kohsuke\github-api\1.95\github-api-1.95.jar;C:\Users\usuario\.m2\repository\com\fasterxml\jackson\core\jackson-databind\2.9.2\jackson-databind-2.9.2.jar;C:\Users\usuario\.m2\repository\com\fasterxml\jackson\core\jackson-annotations\2.9.0\jackson-annotations-2.9.0.jar;C:\Users\usuario\.m2\repository\com\fasterxml\jackson\core\jackson-core\2.9.2\jackson-core-2.9.2.jar;C:\Users\usuario\.m2\repository\commons-io\commons-io\1.4\commons-io-1.4.jar;C:\Users\usuario\.m2\repository\com\github\javaparser\javaparser-core\3.14.3\javaparser-core-3.14.3.jar;C:\Users\usuario\.m2\repository\org\apache\tomee\openejb-cxf-rs\8.0.0-M3\openejb-cxf-rs-8.0.0-M3.jar;C:\Users\usuario\.m2\repository\org\apache\tomee\openejb-http\8.0.0-M3\openejb-http-8.0.0-M3.jar;C:\Users\usuario\.m2\repository\org\apache\tomee\javaee-api\8.0-1\javaee-api-8.0-1.jar;C:\Users\usuario\.m2\repository\org\apache\tomee\openejb-core\8.0.0-M3\openejb-core-8.0.0-M3.jar;C:\Users\usuario\.m2\repository\org\apache\tomee\mbean-annotation-api\8.0.0-M3\mbean-annotation-api-8.0.0-M3.jar;C:\Users\usuario\.m2\repository\org\apache\tomee\openejb-jpa-integration\8.0.0-M3\openejb-jpa-integration-8.0.0-M3.jar;C:\Users\usuario\.m2\repository\org\apache\tomee\openejb-api\8.0.0-M3\openejb-api-8.0.0-M3.jar;C:\Users\usuario\.m2\repository\org\apache\tomee\openejb-javaagent\8.0.0-M3\openejb-javaagent-8.0.0-M3.jar;C:\Users\usuario\.m2\repository\org\apache\tomee\openejb-jee\8.0.0-M3\openejb-jee-8.0.0-M3.jar;C:\Users\usuario\.m2\repository\org\apache\tomee\openejb-jee-accessors\8.0.0-M3\openejb-jee-accessors-8.0.0-M3.jar;C:\Users\usuario\.m2\repository\org\metatype\sxc\sxc-jaxb-core\0.8\sxc-jaxb-core-0.8.jar;C:\Users\usuario\.m2\repository\org\metatype\sxc\sxc-runtime\0.8\sxc-runtime-0.8.jar;C:\Users\usuario\.m2\repository\commons-cli\commons-cli\1.2\commons-cli-1.2.jar;C:\Users\usuario\.m2\repository\commons-collections\commons-collections\3.2.2\commons-collections-3.2.2.jar;C:\Users\usuario\.m2\repository\org\apache\activemq\activemq-ra\5.15.6\activemq-ra-5.15.6.jar;C:\Users\usuario\.m2\repository\org\apache\activemq\activemq-kahadb-store\5.15.6\activemq-kahadb-store-5.15.6.jar;C:\Users\usuario\.m2\repository\org\apache\activemq\protobuf\activemq-protobuf\1.1\activemq-protobuf-1.1.jar;C:\Users\usuario\.m2\repository\org\apache\activemq\activemq-broker\5.15.6\activemq-broker-5.15.6.jar;C:\Users\usuario\.m2\repository\org\apache\activemq\activemq-client\5.15.6\activemq-client-5.15.6.jar;C:\Users\usuario\.m2\repository\org\fusesource\hawtbuf\hawtbuf\1.11\hawtbuf-1.11.jar;C:\Users\usuario\.m2\repository\org\apache\activemq\activemq-openwire-legacy\5.15.6\activemq-openwire-legacy-5.15.6.jar;C:\Users\usuario\.m2\repository\org\apache\activemq\activemq-jdbc-store\5.15.6\activemq-jdbc-store-5.15.6.jar;C:\Users\usuario\.m2\repository\org\apache\geronimo\components\geronimo-connector\3.1.4\geronimo-connector-3.1.4.jar;C:\Users\usuario\.m2\repository\org\apache\geronimo\specs\geronimo-j2ee-connector_1.6_spec\1.0\geronimo-j2ee-connector_1.6_spec-1.0.jar;C:\Users\usuario\.m2\repository\org\apache\geronimo\components\geronimo-transaction\3.1.4\geronimo-transaction-3.1.4.jar;C:\Users\usuario\.m2\repository\org\objectweb\howl\howl\1.0.1-1\howl-1.0.1-1.jar;C:\Users\usuario\.m2\repository\org\apache\geronimo\javamail\geronimo-javamail_1.4_mail\1.9.0-alpha-2\geronimo-javamail_1.4_mail-1.9.0-alpha-2.jar;C:\Users\usuario\.m2\repository\org\apache\xbean\xbean-reflect\4.12\xbean-reflect-4.12.jar;C:\Users\usuario\.m2\repository\org\apache\xbean\xbean-naming\4.12\xbean-naming-4.12.jar;C:\Users\usuario\.m2\repository\org\apache\xbean\xbean-bundleutils\4.12\xbean-bundleutils-4.12.jar;C:\Users\usuario\.m2\repository\org\hsqldb\hsqldb\2.3.2\hsqldb-2.3.2.jar;C:\Users\usuario\.m2\repository\org\apache\commons\commons-dbcp2\2.1\commons-dbcp2-2.1.jar;C:\Users\usuario\.m2\repository\org\apache\commons\commons-pool2\2.3\commons-pool2-2.3.jar;C:\Users\usuario\.m2\repository\org\codehaus\swizzle\swizzle-stream\1.6.2\swizzle-stream-1.6.2.jar;C:\Users\usuario\.m2\repository\org\apache\openejb\shade\quartz-openejb-shade\2.2.1\quartz-openejb-shade-2.2.1.jar;C:\Users\usuario\.m2\repository\org\slf4j\slf4j-jdk14\1.7.21\slf4j-jdk14-1.7.21.jar;C:\Users\usuario\.m2\repository\org\apache\openwebbeans\openwebbeans-impl\2.0.9\openwebbeans-impl-2.0.9.jar;C:\Users\usuario\.m2\repository\org\apache\openwebbeans\openwebbeans-spi\2.0.9\openwebbeans-spi-2.0.9.jar;C:\Users\usuario\.m2\repository\org\apache\openwebbeans\openwebbeans-ejb\2.0.9\openwebbeans-ejb-2.0.9.jar;C:\Users\usuario\.m2\repository\org\apache\openwebbeans\openwebbeans-ee\2.0.9\openwebbeans-ee-2.0.9.jar;C:\Users\usuario\.m2\repository\org\apache\openwebbeans\openwebbeans-ee-common\2.0.9\openwebbeans-ee-common-2.0.9.jar;C:\Users\usuario\.m2\repository\org\apache\openwebbeans\openwebbeans-web\2.0.9\openwebbeans-web-2.0.9.jar;C:\Users\usuario\.m2\repository\org\apache\openwebbeans\openwebbeans-el22\2.0.9\openwebbeans-el22-2.0.9.jar;C:\Users\usuario\.m2\repository\org\apache\openjpa\openjpa\3.1.0\openjpa-3.1.0.jar;C:\Users\usuario\.m2\repository\org\apache\commons\commons-collections4\4.3\commons-collections4-4.3.jar;C:\Users\usuario\.m2\repository\net\sourceforge\serp\serp\1.15.1\serp-1.15.1.jar;C:\Users\usuario\.m2\repository\org\apache\tomee\patch\bval-jsr\2.0.2-69c36fa8-1\bval-jsr-2.0.2-69c36fa8-1.jar;C:\Users\usuario\.m2\repository\org\apache\tomee\openejb-loader\8.0.0-M3\openejb-loader-8.0.0-M3.jar;C:\Users\usuario\.m2\repository\org\apache\tomee\openejb-server\8.0.0-M3\openejb-server-8.0.0-M3.jar;C:\Users\usuario\.m2\repository\org\apache\tomee\openejb-client\8.0.0-M3\openejb-client-8.0.0-M3.jar;C:\Users\usuario\.m2\repository\org\apache\tomee\openejb-ejbd\8.0.0-M3\openejb-ejbd-8.0.0-M3.jar;C:\Users\usuario\.m2\repository\org\apache\tomee\openejb-rest\8.0.0-M3\openejb-rest-8.0.0-M3.jar;C:\Users\usuario\.m2\repository\org\apache\tomee\openejb-cxf-transport\8.0.0-M3\openejb-cxf-transport-8.0.0-M3.jar;C:\Users\usuario\.m2\repository\org\apache\cxf\cxf-rt-transports-http\3.3.1\cxf-rt-transports-http-3.3.1.jar;C:\Users\usuario\.m2\repository\org\apache\cxf\cxf-rt-management\3.3.1\cxf-rt-management-3.3.1.jar;C:\Users\usuario\.m2\repository\org\apache\cxf\cxf-rt-rs-service-description\3.3.1\cxf-rt-rs-service-description-3.3.1.jar;C:\Users\usuario\.m2\repository\javax\annotation\javax.annotation-api\1.3.1\javax.annotation-api-1.3.1.jar;C:\Users\usuario\.m2\repository\javax\xml\ws\jaxws-api\2.3.0\jaxws-api-2.3.0.jar;C:\Users\usuario\.m2\repository\javax\xml\soap\javax.xml.soap-api\1.4.0\javax.xml.soap-api-1.4.0.jar;C:\Users\usuario\.m2\repository\com\sun\activation\javax.activation\1.2.0\javax.activation-1.2.0.jar;C:\Users\usuario\.m2\repository\org\apache\geronimo\specs\geronimo-ws-metadata_2.0_spec\1.1.3\geronimo-ws-metadata_2.0_spec-1.1.3.jar;C:\Users\usuario\.m2\repository\com\sun\xml\messaging\saaj\saaj-impl\1.4.0-b03\saaj-impl-1.4.0-b03.jar;C:\Users\usuario\.m2\repository\org\jvnet\mimepull\mimepull\1.9.7\mimepull-1.9.7.jar;C:\Users\usuario\.m2\repository\org\jvnet\staxex\stax-ex\1.7.8\stax-ex-1.7.8.jar;C:\Users\usuario\.m2\repository\javax\xml\stream\stax-api\1.0-2\stax-api-1.0-2.jar;C:\Users\usuario\.m2\repository\javax\activation\activation\1.1\activation-1.1.jar;C:\Users\usuario\.m2\repository\org\apache\geronimo\specs\geronimo-jta_1.1_spec\1.1.1\geronimo-jta_1.1_spec-1.1.1.jar;C:\Users\usuario\.m2\repository\org\jboss\spec\javax\rmi\jboss-rmi-api_1.0_spec\1.0.6.Final\jboss-rmi-api_1.0_spec-1.0.6.Final.jar;C:\Users\usuario\.m2\repository\org\apache\cxf\cxf-rt-rs-client\3.3.1\cxf-rt-rs-client-3.3.1.jar;C:\Users\usuario\.m2\repository\org\apache\cxf\cxf-core\3.3.1\cxf-core-3.3.1.jar;C:\Users\usuario\.m2\repository\org\glassfish\jaxb\jaxb-runtime\2.3.2\jaxb-runtime-2.3.2.jar;C:\Users\usuario\.m2\repository\org\glassfish\jaxb\txw2\2.3.2\txw2-2.3.2.jar;C:\Users\usuario\.m2\repository\com\sun\istack\istack-commons-runtime\3.0.8\istack-commons-runtime-3.0.8.jar;C:\Users\usuario\.m2\repository\com\sun\xml\fastinfoset\FastInfoset\1.2.16\FastInfoset-1.2.16.jar;C:\Users\usuario\.m2\repository\com\fasterxml\woodstox\woodstox-core\5.0.3\woodstox-core-5.0.3.jar;C:\Users\usuario\.m2\repository\org\codehaus\woodstox\stax2-api\3.1.4\stax2-api-3.1.4.jar;C:\Users\usuario\.m2\repository\org\apache\ws\xmlschema\xmlschema-core\2.2.4\xmlschema-core-2.2.4.jar;C:\Users\usuario\.m2\repository\jakarta\xml\bind\jakarta.xml.bind-api\2.3.2\jakarta.xml.bind-api-2.3.2.jar;C:\Users\usuario\.m2\repository\org\apache\cxf\cxf-rt-frontend-jaxrs\3.3.1\cxf-rt-frontend-jaxrs-3.3.1.jar;C:\Users\usuario\.m2\repository\org\apache\cxf\cxf-rt-security\3.3.1\cxf-rt-security-3.3.1.jar;C:\Users\usuario\.m2\repository\org\apache\cxf\cxf-rt-rs-extension-search\3.3.1\cxf-rt-rs-extension-search-3.3.1.jar;C:\Users\usuario\.m2\repository\org\apache\cxf\cxf-rt-rs-security-cors\3.3.1\cxf-rt-rs-security-cors-3.3.1.jar;C:\Users\usuario\.m2\repository\org\apache\cxf\cxf-rt-rs-security-oauth2\3.3.1\cxf-rt-rs-security-oauth2-3.3.1.jar;C:\Users\usuario\.m2\repository\org\apache\cxf\cxf-rt-rs-security-jose-jaxrs\3.3.1\cxf-rt-rs-security-jose-jaxrs-3.3.1.jar;C:\Users\usuario\.m2\repository\org\apache\cxf\cxf-rt-rs-security-jose\3.3.1\cxf-rt-rs-security-jose-3.3.1.jar;C:\Users\usuario\.m2\repository\org\apache\cxf\cxf-rt-rs-json-basic\3.3.1\cxf-rt-rs-json-basic-3.3.1.jar;C:\Users\usuario\.m2\repository\org\apache\cxf\cxf-rt-rs-extension-providers\3.3.1\cxf-rt-rs-extension-providers-3.3.1.jar;C:\Users\usuario\.m2\repository\org\apache\johnzon\johnzon-jaxrs\1.1.11\johnzon-jaxrs-1.1.11.jar;C:\Users\usuario\.m2\repository\com\github\alexmojaki\s3-stream-upload\2.2.0\s3-stream-upload-2.2.0.jar;C:\Users\usuario\.m2\repository\com\amazonaws\aws-java-sdk-s3\1.11.769\aws-java-sdk-s3-1.11.769.jar;C:\Users\usuario\.m2\repository\com\amazonaws\aws-java-sdk-kms\1.11.769\aws-java-sdk-kms-1.11.769.jar;C:\Users\usuario\.m2\repository\com\amazonaws\aws-java-sdk-core\1.11.769\aws-java-sdk-core-1.11.769.jar;C:\Users\usuario\.m2\repository\software\amazon\ion\ion-java\1.0.2\ion-java-1.0.2.jar;C:\Users\usuario\.m2\repository\com\fasterxml\jackson\dataformat\jackson-dataformat-cbor\2.6.7\jackson-dataformat-cbor-2.6.7.jar;C:\Users\usuario\.m2\repository\joda-time\joda-time\2.8.1\joda-time-2.8.1.jar;C:\Users\usuario\.m2\repository\com\amazonaws\jmespath-java\1.11.769\jmespath-java-1.11.769.jar;C:\Users\usuario\.m2\repository\org\projectlombok\lombok\1.18.34\lombok-1.18.34.jar;C:\Users\usuario\.m2\repository\org\junit\jupiter\junit-jupiter-api\5.10.3\junit-jupiter-api-5.10.3.jar;C:\Users\usuario\.m2\repository\org\opentest4j\opentest4j\1.3.0\opentest4j-1.3.0.jar;C:\Users\usuario\.m2\repository\org\junit\platform\junit-platform-commons\1.10.3\junit-platform-commons-1.10.3.jar;C:\Users\usuario\.m2\repository\org\apiguardian\apiguardian-api\1.1.2\apiguardian-api-1.1.2.jar;C:\Users\usuario\.m2\repository\org\junit\jupiter\junit-jupiter-params\5.10.3\junit-jupiter-params-5.10.3.jar;C:\Users\usuario\.m2\repository\org\junit\jupiter\junit-jupiter-engine\5.10.3\junit-jupiter-engine-5.10.3.jar;C:\Users\usuario\.m2\repository\org\junit\platform\junit-platform-engine\1.10.3\junit-platform-engine-1.10.3.jar;"/>
    <property name="java.vm.vendor" value="Oracle Corporation"/>
    <property name="sun.arch.data.model" value="64"/>
    <property name="user.variant" value=""/>
    <property name="java.vendor.url" value="https://java.oracle.com/"/>
    <property name="user.timezone" value="America/Bogota"/>
    <property name="os.name" value="Windows 10"/>
    <property name="java.vm.specification.version" value="21"/>
    <property name="user.country" value="CO"/>
    <property name="sun.java.launcher" value="SUN_STANDARD"/>
    <property name="sun.boot.library.path" value="C:\Program Files\Java\jdk-21\bin"/>
    <property name="sun.java.command" value="C:\Users\usuario\AppData\Local\Temp\surefire12286243343930266924\surefirebooter-20241105214300783_3.jar C:\Users\usuario\AppData\Local\Temp\surefire12286243343930266924 2024-11-05T21-42-59_578-jvmRun1 surefire-20241105214300783_1tmp surefire_0-20241105214300783_2tmp"/>
    <property name="jdk.debug" value="release"/>
    <property name="test" value="DummyToSkipUnitTests"/>
    <property name="surefire.test.class.path" value="C:\Users\usuario\Documents\NetBeansProjects\TablaDeVerdades\target\test-classes;C:\Users\usuario\Documents\NetBeansProjects\TablaDeVerdades\target\TablaDeVerdades-1.0.jar;C:\Users\usuario\.m2\repository\org\tomitribe\jkta\jkta\0.12\jkta-0.12.jar;C:\Users\usuario\.m2\repository\org\ow2\asm\asm\8.0.1\asm-8.0.1.jar;C:\Users\usuario\.m2\repository\org\ow2\asm\asm-tree\8.0.1\asm-tree-8.0.1.jar;C:\Users\usuario\.m2\repository\org\ow2\asm\asm-analysis\8.0.1\asm-analysis-8.0.1.jar;C:\Users\usuario\.m2\repository\org\ow2\asm\asm-commons\8.0.1\asm-commons-8.0.1.jar;C:\Users\usuario\.m2\repository\org\ow2\asm\asm-util\8.0.1\asm-util-8.0.1.jar;C:\Users\usuario\.m2\repository\org\tomitribe\tomitribe-crest\0.14\tomitribe-crest-0.14.jar;C:\Users\usuario\.m2\repository\org\tomitribe\tomitribe-crest-api\0.14\tomitribe-crest-api-0.14.jar;C:\Users\usuario\.m2\repository\org\apache\xbean\xbean-asm7-shaded\4.15\xbean-asm7-shaded-4.15.jar;C:\Users\usuario\.m2\repository\org\apache\xbean\xbean-finder-shaded\4.15\xbean-finder-shaded-4.15.jar;C:\Users\usuario\.m2\repository\org\tomitribe\tomitribe-crest-xbean\0.14\tomitribe-crest-xbean-0.14.jar;C:\Users\usuario\.m2\repository\org\tomitribe\tomitribe-util\1.3.14\tomitribe-util-1.3.14.jar;C:\Users\usuario\.m2\repository\org\apache\geronimo\specs\geronimo-validation_1.1_spec\1.0\geronimo-validation_1.1_spec-1.0.jar;C:\Users\usuario\.m2\repository\org\apache\bval\bval-jsr\1.1.2\bval-jsr-1.1.2.jar;C:\Users\usuario\.m2\repository\org\apache\bval\bval-core\1.1.2\bval-core-1.1.2.jar;C:\Users\usuario\.m2\repository\org\apache\commons\commons-lang3\3.5\commons-lang3-3.5.jar;C:\Users\usuario\.m2\repository\org\apache\geronimo\specs\geronimo-json_1.1_spec\1.0\geronimo-json_1.1_spec-1.0.jar;C:\Users\usuario\.m2\repository\org\apache\johnzon\johnzon-jsonb\1.1.4\johnzon-jsonb-1.1.4.jar;C:\Users\usuario\.m2\repository\org\apache\johnzon\johnzon-mapper\1.1.4\johnzon-mapper-1.1.4.jar;C:\Users\usuario\.m2\repository\org\apache\johnzon\johnzon-core\1.1.4\johnzon-core-1.1.4.jar;C:\Users\usuario\.m2\repository\org\eclipse\jgit\org.eclipse.jgit\5.1.3.201810200350-r\org.eclipse.jgit-5.1.3.201810200350-r.jar;C:\Users\usuario\.m2\repository\com\jcraft\jsch\0.1.54\jsch-0.1.54.jar;C:\Users\usuario\.m2\repository\com\jcraft\jzlib\1.1.1\jzlib-1.1.1.jar;C:\Users\usuario\.m2\repository\com\googlecode\javaewah\JavaEWAH\1.1.6\JavaEWAH-1.1.6.jar;C:\Users\usuario\.m2\repository\org\slf4j\slf4j-api\1.7.2\slf4j-api-1.7.2.jar;C:\Users\usuario\.m2\repository\org\eclipse\jgit\org.eclipse.jgit.pgm\5.1.3.201810200350-r\org.eclipse.jgit.pgm-5.1.3.201810200350-r.jar;C:\Users\usuario\.m2\repository\args4j\args4j\2.33\args4j-2.33.jar;C:\Users\usuario\.m2\repository\org\apache\commons\commons-compress\1.15\commons-compress-1.15.jar;C:\Users\usuario\.m2\repository\org\objenesis\objenesis\2.6\objenesis-2.6.jar;C:\Users\usuario\.m2\repository\org\eclipse\jgit\org.eclipse.jgit.archive\5.1.3.201810200350-r\org.eclipse.jgit.archive-5.1.3.201810200350-r.jar;C:\Users\usuario\.m2\repository\org\osgi\org.osgi.core\4.3.1\org.osgi.core-4.3.1.jar;C:\Users\usuario\.m2\repository\org\eclipse\jgit\org.eclipse.jgit.ui\5.1.3.201810200350-r\org.eclipse.jgit.ui-5.1.3.201810200350-r.jar;C:\Users\usuario\.m2\repository\org\eclipse\jgit\org.eclipse.jgit.http.apache\5.1.3.201810200350-r\org.eclipse.jgit.http.apache-5.1.3.201810200350-r.jar;C:\Users\usuario\.m2\repository\org\slf4j\slf4j-log4j12\1.7.2\slf4j-log4j12-1.7.2.jar;C:\Users\usuario\.m2\repository\log4j\log4j\1.2.15\log4j-1.2.15.jar;C:\Users\usuario\.m2\repository\org\eclipse\jetty\jetty-servlet\9.4.11.v20180605\jetty-servlet-9.4.11.v20180605.jar;C:\Users\usuario\.m2\repository\org\eclipse\jetty\jetty-security\9.4.11.v20180605\jetty-security-9.4.11.v20180605.jar;C:\Users\usuario\.m2\repository\org\eclipse\jetty\jetty-server\9.4.11.v20180605\jetty-server-9.4.11.v20180605.jar;C:\Users\usuario\.m2\repository\javax\servlet\javax.servlet-api\3.1.0\javax.servlet-api-3.1.0.jar;C:\Users\usuario\.m2\repository\org\eclipse\jetty\jetty-http\9.4.11.v20180605\jetty-http-9.4.11.v20180605.jar;C:\Users\usuario\.m2\repository\org\eclipse\jetty\jetty-util\9.4.11.v20180605\jetty-util-9.4.11.v20180605.jar;C:\Users\usuario\.m2\repository\org\eclipse\jetty\jetty-io\9.4.11.v20180605\jetty-io-9.4.11.v20180605.jar;C:\Users\usuario\.m2\repository\org\eclipse\jgit\org.eclipse.jgit.lfs\5.1.3.201810200350-r\org.eclipse.jgit.lfs-5.1.3.201810200350-r.jar;C:\Users\usuario\.m2\repository\com\google\code\gson\gson\2.8.2\gson-2.8.2.jar;C:\Users\usuario\.m2\repository\org\eclipse\jgit\org.eclipse.jgit.lfs.server\5.1.3.201810200350-r\org.eclipse.jgit.lfs.server-5.1.3.201810200350-r.jar;C:\Users\usuario\.m2\repository\org\apache\httpcomponents\httpclient\4.5.12\httpclient-4.5.12.jar;C:\Users\usuario\.m2\repository\commons-logging\commons-logging\1.2\commons-logging-1.2.jar;C:\Users\usuario\.m2\repository\commons-codec\commons-codec\1.11\commons-codec-1.11.jar;C:\Users\usuario\.m2\repository\org\apache\httpcomponents\httpcore\4.4.13\httpcore-4.4.13.jar;C:\Users\usuario\.m2\repository\org\apache\commons\commons-math3\3.6.1\commons-math3-3.6.1.jar;C:\Users\usuario\.m2\repository\org\kohsuke\github-api\1.95\github-api-1.95.jar;C:\Users\usuario\.m2\repository\com\fasterxml\jackson\core\jackson-databind\2.9.2\jackson-databind-2.9.2.jar;C:\Users\usuario\.m2\repository\com\fasterxml\jackson\core\jackson-annotations\2.9.0\jackson-annotations-2.9.0.jar;C:\Users\usuario\.m2\repository\com\fasterxml\jackson\core\jackson-core\2.9.2\jackson-core-2.9.2.jar;C:\Users\usuario\.m2\repository\commons-io\commons-io\1.4\commons-io-1.4.jar;C:\Users\usuario\.m2\repository\com\github\javaparser\javaparser-core\3.14.3\javaparser-core-3.14.3.jar;C:\Users\usuario\.m2\repository\org\apache\tomee\openejb-cxf-rs\8.0.0-M3\openejb-cxf-rs-8.0.0-M3.jar;C:\Users\usuario\.m2\repository\org\apache\tomee\openejb-http\8.0.0-M3\openejb-http-8.0.0-M3.jar;C:\Users\usuario\.m2\repository\org\apache\tomee\javaee-api\8.0-1\javaee-api-8.0-1.jar;C:\Users\usuario\.m2\repository\org\apache\tomee\openejb-core\8.0.0-M3\openejb-core-8.0.0-M3.jar;C:\Users\usuario\.m2\repository\org\apache\tomee\mbean-annotation-api\8.0.0-M3\mbean-annotation-api-8.0.0-M3.jar;C:\Users\usuario\.m2\repository\org\apache\tomee\openejb-jpa-integration\8.0.0-M3\openejb-jpa-integration-8.0.0-M3.jar;C:\Users\usuario\.m2\repository\org\apache\tomee\openejb-api\8.0.0-M3\openejb-api-8.0.0-M3.jar;C:\Users\usuario\.m2\repository\org\apache\tomee\openejb-javaagent\8.0.0-M3\openejb-javaagent-8.0.0-M3.jar;C:\Users\usuario\.m2\repository\org\apache\tomee\openejb-jee\8.0.0-M3\openejb-jee-8.0.0-M3.jar;C:\Users\usuario\.m2\repository\org\apache\tomee\openejb-jee-accessors\8.0.0-M3\openejb-jee-accessors-8.0.0-M3.jar;C:\Users\usuario\.m2\repository\org\metatype\sxc\sxc-jaxb-core\0.8\sxc-jaxb-core-0.8.jar;C:\Users\usuario\.m2\repository\org\metatype\sxc\sxc-runtime\0.8\sxc-runtime-0.8.jar;C:\Users\usuario\.m2\repository\commons-cli\commons-cli\1.2\commons-cli-1.2.jar;C:\Users\usuario\.m2\repository\commons-collections\commons-collections\3.2.2\commons-collections-3.2.2.jar;C:\Users\usuario\.m2\repository\org\apache\activemq\activemq-ra\5.15.6\activemq-ra-5.15.6.jar;C:\Users\usuario\.m2\repository\org\apache\activemq\activemq-kahadb-store\5.15.6\activemq-kahadb-store-5.15.6.jar;C:\Users\usuario\.m2\repository\org\apache\activemq\protobuf\activemq-protobuf\1.1\activemq-protobuf-1.1.jar;C:\Users\usuario\.m2\repository\org\apache\activemq\activemq-broker\5.15.6\activemq-broker-5.15.6.jar;C:\Users\usuario\.m2\repository\org\apache\activemq\activemq-client\5.15.6\activemq-client-5.15.6.jar;C:\Users\usuario\.m2\repository\org\fusesource\hawtbuf\hawtbuf\1.11\hawtbuf-1.11.jar;C:\Users\usuario\.m2\repository\org\apache\activemq\activemq-openwire-legacy\5.15.6\activemq-openwire-legacy-5.15.6.jar;C:\Users\usuario\.m2\repository\org\apache\activemq\activemq-jdbc-store\5.15.6\activemq-jdbc-store-5.15.6.jar;C:\Users\usuario\.m2\repository\org\apache\geronimo\components\geronimo-connector\3.1.4\geronimo-connector-3.1.4.jar;C:\Users\usuario\.m2\repository\org\apache\geronimo\specs\geronimo-j2ee-connector_1.6_spec\1.0\geronimo-j2ee-connector_1.6_spec-1.0.jar;C:\Users\usuario\.m2\repository\org\apache\geronimo\components\geronimo-transaction\3.1.4\geronimo-transaction-3.1.4.jar;C:\Users\usuario\.m2\repository\org\objectweb\howl\howl\1.0.1-1\howl-1.0.1-1.jar;C:\Users\usuario\.m2\repository\org\apache\geronimo\javamail\geronimo-javamail_1.4_mail\1.9.0-alpha-2\geronimo-javamail_1.4_mail-1.9.0-alpha-2.jar;C:\Users\usuario\.m2\repository\org\apache\xbean\xbean-reflect\4.12\xbean-reflect-4.12.jar;C:\Users\usuario\.m2\repository\org\apache\xbean\xbean-naming\4.12\xbean-naming-4.12.jar;C:\Users\usuario\.m2\repository\org\apache\xbean\xbean-bundleutils\4.12\xbean-bundleutils-4.12.jar;C:\Users\usuario\.m2\repository\org\hsqldb\hsqldb\2.3.2\hsqldb-2.3.2.jar;C:\Users\usuario\.m2\repository\org\apache\commons\commons-dbcp2\2.1\commons-dbcp2-2.1.jar;C:\Users\usuario\.m2\repository\org\apache\commons\commons-pool2\2.3\commons-pool2-2.3.jar;C:\Users\usuario\.m2\repository\org\codehaus\swizzle\swizzle-stream\1.6.2\swizzle-stream-1.6.2.jar;C:\Users\usuario\.m2\repository\org\apache\openejb\shade\quartz-openejb-shade\2.2.1\quartz-openejb-shade-2.2.1.jar;C:\Users\usuario\.m2\repository\org\slf4j\slf4j-jdk14\1.7.21\slf4j-jdk14-1.7.21.jar;C:\Users\usuario\.m2\repository\org\apache\openwebbeans\openwebbeans-impl\2.0.9\openwebbeans-impl-2.0.9.jar;C:\Users\usuario\.m2\repository\org\apache\openwebbeans\openwebbeans-spi\2.0.9\openwebbeans-spi-2.0.9.jar;C:\Users\usuario\.m2\repository\org\apache\openwebbeans\openwebbeans-ejb\2.0.9\openwebbeans-ejb-2.0.9.jar;C:\Users\usuario\.m2\repository\org\apache\openwebbeans\openwebbeans-ee\2.0.9\openwebbeans-ee-2.0.9.jar;C:\Users\usuario\.m2\repository\org\apache\openwebbeans\openwebbeans-ee-common\2.0.9\openwebbeans-ee-common-2.0.9.jar;C:\Users\usuario\.m2\repository\org\apache\openwebbeans\openwebbeans-web\2.0.9\openwebbeans-web-2.0.9.jar;C:\Users\usuario\.m2\repository\org\apache\openwebbeans\openwebbeans-el22\2.0.9\openwebbeans-el22-2.0.9.jar;C:\Users\usuario\.m2\repository\org\apache\openjpa\openjpa\3.1.0\openjpa-3.1.0.jar;C:\Users\usuario\.m2\repository\org\apache\commons\commons-collections4\4.3\commons-collections4-4.3.jar;C:\Users\usuario\.m2\repository\net\sourceforge\serp\serp\1.15.1\serp-1.15.1.jar;C:\Users\usuario\.m2\repository\org\apache\tomee\patch\bval-jsr\2.0.2-69c36fa8-1\bval-jsr-2.0.2-69c36fa8-1.jar;C:\Users\usuario\.m2\repository\org\apache\tomee\openejb-loader\8.0.0-M3\openejb-loader-8.0.0-M3.jar;C:\Users\usuario\.m2\repository\org\apache\tomee\openejb-server\8.0.0-M3\openejb-server-8.0.0-M3.jar;C:\Users\usuario\.m2\repository\org\apache\tomee\openejb-client\8.0.0-M3\openejb-client-8.0.0-M3.jar;C:\Users\usuario\.m2\repository\org\apache\tomee\openejb-ejbd\8.0.0-M3\openejb-ejbd-8.0.0-M3.jar;C:\Users\usuario\.m2\repository\org\apache\tomee\openejb-rest\8.0.0-M3\openejb-rest-8.0.0-M3.jar;C:\Users\usuario\.m2\repository\org\apache\tomee\openejb-cxf-transport\8.0.0-M3\openejb-cxf-transport-8.0.0-M3.jar;C:\Users\usuario\.m2\repository\org\apache\cxf\cxf-rt-transports-http\3.3.1\cxf-rt-transports-http-3.3.1.jar;C:\Users\usuario\.m2\repository\org\apache\cxf\cxf-rt-management\3.3.1\cxf-rt-management-3.3.1.jar;C:\Users\usuario\.m2\repository\org\apache\cxf\cxf-rt-rs-service-description\3.3.1\cxf-rt-rs-service-description-3.3.1.jar;C:\Users\usuario\.m2\repository\javax\annotation\javax.annotation-api\1.3.1\javax.annotation-api-1.3.1.jar;C:\Users\usuario\.m2\repository\javax\xml\ws\jaxws-api\2.3.0\jaxws-api-2.3.0.jar;C:\Users\usuario\.m2\repository\javax\xml\soap\javax.xml.soap-api\1.4.0\javax.xml.soap-api-1.4.0.jar;C:\Users\usuario\.m2\repository\com\sun\activation\javax.activation\1.2.0\javax.activation-1.2.0.jar;C:\Users\usuario\.m2\repository\org\apache\geronimo\specs\geronimo-ws-metadata_2.0_spec\1.1.3\geronimo-ws-metadata_2.0_spec-1.1.3.jar;C:\Users\usuario\.m2\repository\com\sun\xml\messaging\saaj\saaj-impl\1.4.0-b03\saaj-impl-1.4.0-b03.jar;C:\Users\usuario\.m2\repository\org\jvnet\mimepull\mimepull\1.9.7\mimepull-1.9.7.jar;C:\Users\usuario\.m2\repository\org\jvnet\staxex\stax-ex\1.7.8\stax-ex-1.7.8.jar;C:\Users\usuario\.m2\repository\javax\xml\stream\stax-api\1.0-2\stax-api-1.0-2.jar;C:\Users\usuario\.m2\repository\javax\activation\activation\1.1\activation-1.1.jar;C:\Users\usuario\.m2\repository\org\apache\geronimo\specs\geronimo-jta_1.1_spec\1.1.1\geronimo-jta_1.1_spec-1.1.1.jar;C:\Users\usuario\.m2\repository\org\jboss\spec\javax\rmi\jboss-rmi-api_1.0_spec\1.0.6.Final\jboss-rmi-api_1.0_spec-1.0.6.Final.jar;C:\Users\usuario\.m2\repository\org\apache\cxf\cxf-rt-rs-client\3.3.1\cxf-rt-rs-client-3.3.1.jar;C:\Users\usuario\.m2\repository\org\apache\cxf\cxf-core\3.3.1\cxf-core-3.3.1.jar;C:\Users\usuario\.m2\repository\org\glassfish\jaxb\jaxb-runtime\2.3.2\jaxb-runtime-2.3.2.jar;C:\Users\usuario\.m2\repository\org\glassfish\jaxb\txw2\2.3.2\txw2-2.3.2.jar;C:\Users\usuario\.m2\repository\com\sun\istack\istack-commons-runtime\3.0.8\istack-commons-runtime-3.0.8.jar;C:\Users\usuario\.m2\repository\com\sun\xml\fastinfoset\FastInfoset\1.2.16\FastInfoset-1.2.16.jar;C:\Users\usuario\.m2\repository\com\fasterxml\woodstox\woodstox-core\5.0.3\woodstox-core-5.0.3.jar;C:\Users\usuario\.m2\repository\org\codehaus\woodstox\stax2-api\3.1.4\stax2-api-3.1.4.jar;C:\Users\usuario\.m2\repository\org\apache\ws\xmlschema\xmlschema-core\2.2.4\xmlschema-core-2.2.4.jar;C:\Users\usuario\.m2\repository\jakarta\xml\bind\jakarta.xml.bind-api\2.3.2\jakarta.xml.bind-api-2.3.2.jar;C:\Users\usuario\.m2\repository\org\apache\cxf\cxf-rt-frontend-jaxrs\3.3.1\cxf-rt-frontend-jaxrs-3.3.1.jar;C:\Users\usuario\.m2\repository\org\apache\cxf\cxf-rt-security\3.3.1\cxf-rt-security-3.3.1.jar;C:\Users\usuario\.m2\repository\org\apache\cxf\cxf-rt-rs-extension-search\3.3.1\cxf-rt-rs-extension-search-3.3.1.jar;C:\Users\usuario\.m2\repository\org\apache\cxf\cxf-rt-rs-security-cors\3.3.1\cxf-rt-rs-security-cors-3.3.1.jar;C:\Users\usuario\.m2\repository\org\apache\cxf\cxf-rt-rs-security-oauth2\3.3.1\cxf-rt-rs-security-oauth2-3.3.1.jar;C:\Users\usuario\.m2\repository\org\apache\cxf\cxf-rt-rs-security-jose-jaxrs\3.3.1\cxf-rt-rs-security-jose-jaxrs-3.3.1.jar;C:\Users\usuario\.m2\repository\org\apache\cxf\cxf-rt-rs-security-jose\3.3.1\cxf-rt-rs-security-jose-3.3.1.jar;C:\Users\usuario\.m2\repository\org\apache\cxf\cxf-rt-rs-json-basic\3.3.1\cxf-rt-rs-json-basic-3.3.1.jar;C:\Users\usuario\.m2\repository\org\apache\cxf\cxf-rt-rs-extension-providers\3.3.1\cxf-rt-rs-extension-providers-3.3.1.jar;C:\Users\usuario\.m2\repository\org\apache\johnzon\johnzon-jaxrs\1.1.11\johnzon-jaxrs-1.1.11.jar;C:\Users\usuario\.m2\repository\com\github\alexmojaki\s3-stream-upload\2.2.0\s3-stream-upload-2.2.0.jar;C:\Users\usuario\.m2\repository\com\amazonaws\aws-java-sdk-s3\1.11.769\aws-java-sdk-s3-1.11.769.jar;C:\Users\usuario\.m2\repository\com\amazonaws\aws-java-sdk-kms\1.11.769\aws-java-sdk-kms-1.11.769.jar;C:\Users\usuario\.m2\repository\com\amazonaws\aws-java-sdk-core\1.11.769\aws-java-sdk-core-1.11.769.jar;C:\Users\usuario\.m2\repository\software\amazon\ion\ion-java\1.0.2\ion-java-1.0.2.jar;C:\Users\usuario\.m2\repository\com\fasterxml\jackson\dataformat\jackson-dataformat-cbor\2.6.7\jackson-dataformat-cbor-2.6.7.jar;C:\Users\usuario\.m2\repository\joda-time\joda-time\2.8.1\joda-time-2.8.1.jar;C:\Users\usuario\.m2\repository\com\amazonaws\jmespath-java\1.11.769\jmespath-java-1.11.769.jar;C:\Users\usuario\.m2\repository\org\projectlombok\lombok\1.18.34\lombok-1.18.34.jar;C:\Users\usuario\.m2\repository\org\junit\jupiter\junit-jupiter-api\5.10.3\junit-jupiter-api-5.10.3.jar;C:\Users\usuario\.m2\repository\org\opentest4j\opentest4j\1.3.0\opentest4j-1.3.0.jar;C:\Users\usuario\.m2\repository\org\junit\platform\junit-platform-commons\1.10.3\junit-platform-commons-1.10.3.jar;C:\Users\usuario\.m2\repository\org\apiguardian\apiguardian-api\1.1.2\apiguardian-api-1.1.2.jar;C:\Users\usuario\.m2\repository\org\junit\jupiter\junit-jupiter-params\5.10.3\junit-jupiter-params-5.10.3.jar;C:\Users\usuario\.m2\repository\org\junit\jupiter\junit-jupiter-engine\5.10.3\junit-jupiter-engine-5.10.3.jar;C:\Users\usuario\.m2\repository\org\junit\platform\junit-platform-engine\1.10.3\junit-platform-engine-1.10.3.jar;"/>
    <property name="sun.cpu.endian" value="little"/>
    <property name="user.home" value="C:\Users\usuario"/>
    <property name="user.language" value="es"/>
    <property name="java.specification.vendor" value="Oracle Corporation"/>
    <property name="java.version.date" value="2024-07-16"/>
    <property name="java.home" value="C:\Program Files\Java\jdk-21"/>
    <property name="file.separator" value="\"/>
    <property name="basedir" value="C:\Users\usuario\Documents\NetBeansProjects\TablaDeVerdades"/>
    <property name="java.vm.compressedOopsMode" value="32-bit"/>
    <property name="line.separator" value="&#10;"/>
    <property name="java.vm.specification.vendor" value="Oracle Corporation"/>
    <property name="java.specification.name" value="Java Platform API Specification"/>
    <property name="surefire.real.class.path" value="C:\Users\usuario\AppData\Local\Temp\surefire12286243343930266924\surefirebooter-20241105214300783_3.jar"/>
    <property name="user.script" value=""/>
    <property name="sun.management.compiler" value="HotSpot 64-Bit Tiered Compilers"/>
    <property name="java.runtime.version" value="21.0.4+8-LTS-274"/>
    <property name="user.name" value="usuario"/>
    <property name="stdout.encoding" value="Cp1252"/>
    <property name="path.separator" value=";"/>
    <property name="os.version" value="10.0"/>
    <property name="java.runtime.name" value="Java(TM) SE Runtime Environment"/>
    <property name="file.encoding" value="UTF-8"/>
    <property name="surefire.failIfNoSpecifiedTests" value="false"/>
    <property name="java.vm.name" value="Java HotSpot(TM) 64-Bit Server VM"/>
    <property name="maven.ext.class.path" value="C:\Program Files\NetBeans-23\netbeans\java\maven-nblib\netbeans-eventspy.jar"/>
    <property name="localRepository" value="C:\Users\usuario\.m2\repository"/>
    <property name="java.vendor.url.bug" value="https://bugreport.java.com/bugreport/"/>
    <property name="java.io.tmpdir" value="C:\Users\usuario\AppData\Local\Temp\"/>
    <property name="java.version" value="21.0.4"/>
    <property name="user.dir" value="C:\Users\usuario\Documents\NetBeansProjects\TablaDeVerdades"/>
    <property name="os.arch" value="amd64"/>
    <property name="java.vm.specification.name" value="Java Virtual Machine Specification"/>
    <property name="it.test" value="controller.LogicExpressionBuilderIT#testValidExpressions"/>
    <property name="failIfNoTests" value="false"/>
    <property name="sun.os.patch.level" value=""/>
    <property name="native.encoding" value="Cp1252"/>
    <property name="java.library.path" value="C:\Program Files\Java\jdk-21\bin;C:\WINDOWS\Sun\Java\bin;C:\WINDOWS\system32;C:\WINDOWS;C:\Program Files\Common Files\Oracle\Java\javapath;C:\Program Files\Java\jdk-11.0.7\bin;C:\WINDOWS\system32;C:\WINDOWS;C:\WINDOWS\System32\Wbem;C:\WINDOWS\System32\WindowsPowerShell\v1.0\;C:\WINDOWS\System32\OpenSSH\;C:\Program Files\MySQL\MySQL Server 8.0\bin;C:\Program Files (x86)\Common Files\Java\javapath;C:\Program Files\Git\cmd;C:\Users\usuario\AppData\Local\Programs\Python\Python312\Scripts\;C:\Users\usuario\AppData\Local\Programs\Python\Python312\;C:\Program Files\MySQL\MySQL Shell 8.0\bin\;C:\Users\usuario\AppData\Local\Microsoft\WindowsApps;C:\Users\usuario\AppData\Local\Programs\Microsoft VS Code\bin;."/>
    <property name="java.vm.info" value="mixed mode, sharing"/>
    <property name="stderr.encoding" value="Cp1252"/>
    <property name="java.vendor" value="Oracle Corporation"/>
    <property name="java.vm.version" value="21.0.4+8-LTS-274"/>
    <property name="sun.io.unicode.encoding" value="UnicodeLittle"/>
    <property name="java.class.version" value="65.0"/>
  </properties>
  <testcase name="testValidExpressions" classname="controller.LogicExpressionBuilderIT" time="0.109"/>
</testsuite>